<?xml version="1.0" encoding="UTF-8"?>
<!-- Generated by org.testng.reporters.JUnitReportReporter -->
<testsuite hostname="DESKTOP-T2UPB51" failures="0" tests="1" name="com.OrangeHRM.GenericScripts.DataProviderClass" time="5.081" errors="0" timestamp="2024-11-28T07:38:49 IST" skipped="0">
  <testcase classname="com.OrangeHRM.GenericScripts.DataProviderClass" name="Check" time="5.081"/>
</testsuite> <!-- com.OrangeHRM.GenericScripts.DataProviderClass -->
