<?xml version="1.0" encoding="UTF-8"?>
<!-- Generated by org.testng.reporters.JUnitReportReporter -->
<testsuite hostname="DESKTOP-T2UPB51" failures="0" tests="5" name="com.OrangeHRM.GenericScripts.BasePage" time="76.293" errors="0" timestamp="2024-11-20T08:27:57 IST" skipped="0">
  <testcase classname="com.OrangeHRM.GenericScripts.BasePage" name="Test" time="13.229"/>
  <testcase classname="com.OrangeHRM.GenericScripts.BasePage" name="Test" time="18.528"/>
  <testcase classname="com.OrangeHRM.GenericScripts.BasePage" name="Test" time="13.124"/>
  <testcase classname="com.OrangeHRM.GenericScripts.BasePage" name="Test" time="15.144"/>
  <testcase classname="com.OrangeHRM.GenericScripts.BasePage" name="Test" time="16.268"/>
</testsuite> <!-- com.OrangeHRM.GenericScripts.BasePage -->
