<?xml version="1.0" encoding="UTF-8"?>
<!-- Generated by org.testng.reporters.JUnitReportReporter -->
<testsuite hostname="DESKTOP-T2UPB51" failures="0" tests="2" name="com.Shoppersstack.GenericScripts.BasePage" time="14.862" errors="0" timestamp="2024-11-19T08:11:52 IST" skipped="0">
  <testcase classname="com.Shoppersstack.GenericScripts.BasePage" name="Test" time="7.264"/>
  <testcase classname="com.Shoppersstack.GenericScripts.BasePage" name="Test" time="7.598"/>
</testsuite> <!-- com.Shoppersstack.GenericScripts.BasePage -->
