<?xml version="1.0" encoding="UTF-8"?>
<!-- Generated by org.testng.reporters.JUnitReportReporter -->
<testsuite hostname="DESKTOP-T2UPB51" failures="0" tests="1" name="com.OrangeHRM.Utilities.Random" time="0.084" errors="0" timestamp="2024-11-22T07:12:49 IST" skipped="0">
  <testcase classname="com.OrangeHRM.Utilities.Random" name="random" time="0.084"/>
</testsuite> <!-- com.OrangeHRM.Utilities.Random -->
